<?xml version="1.0" encoding="UTF-8"?>
<testsuite name="MTStressTest" tests="1" skipped="0" failures="0" errors="0" timestamp="2021-01-08T19:03:42" hostname="phoenix-X541UV" time="10.315">
  <properties/>
  <testcase name="testStress" classname="MTStressTest" time="10.315"/>
  <system-out><![CDATA[Phase # 1 - done  3,187,965 ops (warm up)
Phase # 2 - done  3,265,710 ops (warm up)
Phase # 3 - done  3,199,882 ops (warm up)
Phase # 4 - done  3,230,728 ops (warm up)
Phase # 5 - done  3,227,248 ops (warm up)
Phase # 6 - done  3,271,238 ops (measure)
Phase # 7 - done  3,273,701 ops (measure)
Phase # 8 - done  3,263,278 ops (measure)
Phase # 9 - done  3,232,404 ops (measure)
Phase #10 - done  3,250,809 ops (measure)
Average ops per phase: 3,258,286 +- 17,001
]]></system-out>
  <system-err><![CDATA[]]></system-err>
</testsuite>
