<?xml version="1.0" encoding="UTF-8"?>
<testsuite name="MTStressTest" tests="1" skipped="0" failures="0" errors="0" timestamp="2020-11-29T09:54:03" hostname="phoenix-X541UV" time="20.373">
  <properties/>
  <testcase name="testStress" classname="MTStressTest" time="20.373"/>
  <system-out><![CDATA[Phase # 1 - done  2,011,230 ops (warm up)
Phase # 2 - done  2,297,780 ops (warm up)
Phase # 3 - done  2,317,235 ops (warm up)
Phase # 4 - done  2,331,307 ops (warm up)
Phase # 5 - done  2,339,704 ops (warm up)
Phase # 6 - done  2,303,658 ops (warm up)
Phase # 7 - done  2,352,520 ops (warm up)
Phase # 8 - done  2,293,392 ops (warm up)
Phase # 9 - done  2,233,701 ops (warm up)
Phase #10 - done  2,058,916 ops (warm up)
Phase #11 - done  2,244,785 ops (measure)
Phase #12 - done  2,314,824 ops (measure)
Phase #13 - done  2,264,979 ops (measure)
Phase #14 - done  2,271,257 ops (measure)
Phase #15 - done  2,171,520 ops (measure)
Phase #16 - done  2,205,559 ops (measure)
Phase #17 - done  2,277,120 ops (measure)
Phase #18 - done  2,252,934 ops (measure)
Phase #19 - done  2,329,542 ops (measure)
Phase #20 - done  2,340,387 ops (measure)
Average ops per phase: 2,267,291 +- 53,010
]]></system-out>
  <system-err><![CDATA[]]></system-err>
</testsuite>
