<?xml version="1.0" encoding="UTF-8"?>
<testsuite name="CodeTest" tests="4" skipped="0" failures="0" errors="0" timestamp="2020-11-29T09:54:23" hostname="phoenix-X541UV" time="0.13">
  <properties/>
  <testcase name="testAccountLock" classname="CodeTest" time="0.0"/>
  <testcase name="testFineGrainedLock" classname="CodeTest" time="0.123"/>
  <testcase name="testNoSynchronizedMethods" classname="CodeTest" time="0.0"/>
  <testcase name="testImplFields" classname="CodeTest" time="0.001"/>
  <system-out><![CDATA[]]></system-out>
  <system-err><![CDATA[]]></system-err>
</testsuite>
