<?xml version="1.0" encoding="UTF-8"?>
<testsuite name="LinearizabilityTest" tests="1" skipped="0" failures="0" errors="0" timestamp="2020-11-29T09:50:11" hostname="phoenix-X541UV" time="232.191">
  <properties/>
  <testcase name="test" classname="LinearizabilityTest" time="232.191"/>
  <system-out><![CDATA[]]></system-out>
  <system-err><![CDATA[]]></system-err>
</testsuite>
