<?xml version="1.0" encoding="UTF-8"?>
<testsuite name="MTStressTest" tests="1" skipped="0" failures="0" errors="0" timestamp="2021-01-17T20:08:38" hostname="phoenix-X541UV" time="10.916">
  <properties/>
  <testcase name="testStress" classname="MTStressTest" time="10.916"/>
  <system-out><![CDATA[Phase # 1 - done     44,476 ops (warm up)
Phase # 2 - done     14,964 ops (warm up)
Phase # 3 - done     11,145 ops (warm up)
Phase # 4 - done     13,890 ops (warm up)
Phase # 5 - done      5,968 ops (warm up)
Phase # 6 - done     51,321 ops (measure)
Phase # 7 - done     73,482 ops (measure)
Phase # 8 - done     14,333 ops (measure)
Phase # 9 - done     51,289 ops (measure)
Phase #10 - done     19,142 ops (measure)
Average ops per phase: 41,913 +- 24,760
]]></system-out>
  <system-err><![CDATA[]]></system-err>
</testsuite>
