<?xml version="1.0" encoding="UTF-8"?>
<testsuite name="SynchronousQueueTest" tests="1" skipped="0" failures="0" errors="0" timestamp="2021-01-20T12:35:19" hostname="phoenix-X541UV" time="250.173">
  <properties/>
  <testcase name="modelCheckingTest" classname="SynchronousQueueTest" time="250.173"/>
  <system-out><![CDATA[]]></system-out>
  <system-err><![CDATA[]]></system-err>
</testsuite>
