<?xml version="1.0" encoding="UTF-8"?>
<testsuite name="CorrectnessTest" tests="4" skipped="0" failures="0" errors="0" timestamp="2020-12-18T19:01:47" hostname="phoenix-X541UV" time="10.29">
  <properties/>
  <testcase name="testConcurrentRandom" classname="CorrectnessTest" time="9.935"/>
  <testcase name="testSolutionClass" classname="CorrectnessTest" time="0.001"/>
  <testcase name="testRandom" classname="CorrectnessTest" time="0.347"/>
  <testcase name="testSimple" classname="CorrectnessTest" time="0.002"/>
  <system-out><![CDATA[]]></system-out>
  <system-err><![CDATA[]]></system-err>
</testsuite>
