<?xml version="1.0" encoding="UTF-8"?>
<testsuite name="CodeTest" tests="1" skipped="0" failures="0" errors="0" timestamp="2021-01-07T17:19:27" hostname="phoenix-X541UV" time="0.001">
  <properties/>
  <testcase name="testSolutionClass" classname="CodeTest" time="0.001"/>
  <system-out><![CDATA[]]></system-out>
  <system-err><![CDATA[]]></system-err>
</testsuite>
