<?xml version="1.0" encoding="UTF-8"?>
<testsuite name="StressTest" tests="1" skipped="0" failures="0" errors="0" timestamp="2021-01-07T17:19:27" hostname="phoenix-X541UV" time="3.008">
  <properties/>
  <testcase name="testStress" classname="StressTest" time="3.008"/>
  <system-out><![CDATA[1: Working 150767
2: Working 336798
3: Working 522821
]]></system-out>
  <system-err><![CDATA[]]></system-err>
</testsuite>
