<?xml version="1.0" encoding="UTF-8"?>
<testsuite name="CorrectnessTest" tests="2" skipped="0" failures="0" errors="0" timestamp="2021-01-07T17:19:26" hostname="phoenix-X541UV" time="0.142">
  <properties/>
  <testcase name="testSpuriousWakeup" classname="CorrectnessTest" time="0.129"/>
  <testcase name="testFCFS" classname="CorrectnessTest" time="0.012"/>
  <system-out><![CDATA[]]></system-out>
  <system-err><![CDATA[]]></system-err>
</testsuite>
